<?xml version="1.0" encoding="UTF-8"?>
<testng-results skipped="0" failed="5" ignored="0" total="19" passed="14">
  <reporter-output>
  </reporter-output>
  <suite name="Suite" duration-ms="4042" started-at="2019-06-21T05:41:20Z" finished-at="2019-06-21T05:41:24Z">
    <groups>
    </groups>
    <test name="Test" duration-ms="4042" started-at="2019-06-21T05:41:20Z" finished-at="2019-06-21T05:41:24Z">
      <class name="udemy.practice.TestNGPracticeTest">
        <test-method status="PASS" signature="testClassStart()[pri:0, instance:udemy.practice.TestNGPracticeTest@42a48628]" name="testClassStart" is-config="true" duration-ms="1" started-at="2019-06-21T11:11:22Z" finished-at="2019-06-21T11:11:22Z">
          <reporter-output>
          </reporter-output>
        </test-method> <!-- testClassStart -->
        <test-method status="PASS" signature="testClassEnd()[pri:0, instance:udemy.practice.TestNGPracticeTest@42a48628]" name="testClassEnd" duration-ms="2" started-at="2019-06-21T11:11:22Z" finished-at="2019-06-21T11:11:22Z">
          <reporter-output>
          </reporter-output>
        </test-method> <!-- testClassEnd -->
        <test-method status="PASS" signature="testFour()[pri:0, instance:udemy.practice.TestNGPracticeTest@42a48628]" name="testFour" duration-ms="6" started-at="2019-06-21T11:11:22Z" finished-at="2019-06-21T11:11:22Z">
          <reporter-output>
          </reporter-output>
        </test-method> <!-- testFour -->
        <test-method status="PASS" signature="testThree()[pri:0, instance:udemy.practice.TestNGPracticeTest@42a48628]" name="testThree" duration-ms="2" started-at="2019-06-21T11:11:22Z" finished-at="2019-06-21T11:11:22Z">
          <reporter-output>
          </reporter-output>
        </test-method> <!-- testThree -->
        <test-method status="PASS" signature="testBefore()[pri:0, instance:udemy.practice.TestNGPracticeTest@42a48628]" name="testBefore" duration-ms="3" started-at="2019-06-21T11:11:22Z" finished-at="2019-06-21T11:11:22Z">
          <reporter-output>
          </reporter-output>
        </test-method> <!-- testBefore -->
        <test-method status="FAIL" signature="testFive()[pri:0, instance:udemy.practice.TestNGPracticeTest@42a48628]" name="testFive" duration-ms="6" started-at="2019-06-21T11:11:22Z" finished-at="2019-06-21T11:11:22Z">
          <exception class="java.lang.AssertionError">
            <full-stacktrace>
              <![CDATA[java.lang.AssertionError: 
	at org.testng.AssertJUnit.fail(AssertJUnit.java:59)
	at org.testng.AssertJUnit.fail(AssertJUnit.java:66)
	at udemy.practice.TestNGPracticeTest.testFive(TestNGPracticeTest.java:70)
	at sun.reflect.NativeMethodAccessorImpl.invoke0(Native Method)
	at sun.reflect.NativeMethodAccessorImpl.invoke(NativeMethodAccessorImpl.java:62)
	at sun.reflect.DelegatingMethodAccessorImpl.invoke(DelegatingMethodAccessorImpl.java:43)
	at java.lang.reflect.Method.invoke(Method.java:498)
	at org.testng.internal.MethodInvocationHelper.invokeMethod(MethodInvocationHelper.java:108)
	at org.testng.internal.Invoker.invokeMethod(Invoker.java:661)
	at org.testng.internal.Invoker.invokeTestMethod(Invoker.java:869)
	at org.testng.internal.Invoker.invokeTestMethods(Invoker.java:1193)
	at org.testng.internal.TestMethodWorker.invokeTestMethods(TestMethodWorker.java:126)
	at org.testng.internal.TestMethodWorker.run(TestMethodWorker.java:109)
	at java.util.concurrent.ThreadPoolExecutor.runWorker(ThreadPoolExecutor.java:1149)
	at java.util.concurrent.ThreadPoolExecutor$Worker.run(ThreadPoolExecutor.java:624)
	at java.lang.Thread.run(Thread.java:748)
]]>
            </full-stacktrace>
          </exception> <!-- java.lang.AssertionError -->
          <reporter-output>
          </reporter-output>
        </test-method> <!-- testFive -->
        <test-method status="PASS" signature="testOne()[pri:0, instance:udemy.practice.TestNGPracticeTest@42a48628]" name="testOne" duration-ms="2" started-at="2019-06-21T11:11:22Z" finished-at="2019-06-21T11:11:22Z">
          <reporter-output>
          </reporter-output>
        </test-method> <!-- testOne -->
        <test-method status="PASS" signature="testOne()[pri:0, instance:udemy.practice.TestNGPracticeTest@42a48628]" name="testOne" duration-ms="1" started-at="2019-06-21T11:11:22Z" finished-at="2019-06-21T11:11:22Z">
          <reporter-output>
          </reporter-output>
        </test-method> <!-- testOne -->
        <test-method status="PASS" signature="testSix()[pri:0, instance:udemy.practice.TestNGPracticeTest@42a48628]" name="testSix" duration-ms="2004" started-at="2019-06-21T11:11:22Z" finished-at="2019-06-21T11:11:24Z">
          <reporter-output>
          </reporter-output>
        </test-method> <!-- testSix -->
        <test-method status="PASS" signature="testTwo()[pri:0, instance:udemy.practice.TestNGPracticeTest@42a48628]" name="testTwo" duration-ms="5" started-at="2019-06-21T11:11:22Z" depends-on-methods="udemy.practice.TestNGPracticeTest.testThree, udemy.practice.TestNGPracticeTest.testFour" finished-at="2019-06-21T11:11:22Z">
          <reporter-output>
          </reporter-output>
        </test-method> <!-- testTwo -->
        <test-method status="PASS" signature="testClassEnd()[pri:0, instance:udemy.practice.TestNGPracticeTest@42a48628]" name="testClassEnd" is-config="true" duration-ms="1" started-at="2019-06-21T11:11:24Z" finished-at="2019-06-21T11:11:24Z">
          <reporter-output>
          </reporter-output>
        </test-method> <!-- testClassEnd -->
      </class> <!-- udemy.practice.TestNGPracticeTest -->
      <class name="udemy.practice.DataDrivenLibraryAPITest">
        <test-method status="FAIL" signature="addBooks(java.lang.String, java.lang.String)[pri:0, instance:udemy.practice.DataDrivenLibraryAPITest@1283bb96]" name="addBooks" duration-ms="1954" started-at="2019-06-21T11:11:20Z" data-provider="BooksData" finished-at="2019-06-21T11:11:22Z">
          <params>
            <param index="0">
              <value>
                <![CDATA[hanumRama]]>
              </value>
            </param>
            <param index="1">
              <value>
                <![CDATA[872]]>
              </value>
            </param>
          </params>
          <exception class="java.lang.AssertionError">
            <message>
              <![CDATA[1 expectation failed.
Expected status code <200> but was <404>.
]]>
            </message>
            <full-stacktrace>
              <![CDATA[java.lang.AssertionError: 1 expectation failed.
Expected status code <200> but was <404>.

	at sun.reflect.NativeConstructorAccessorImpl.newInstance0(Native Method)
	at sun.reflect.NativeConstructorAccessorImpl.newInstance(NativeConstructorAccessorImpl.java:62)
	at sun.reflect.DelegatingConstructorAccessorImpl.newInstance(DelegatingConstructorAccessorImpl.java:45)
	at java.lang.reflect.Constructor.newInstance(Constructor.java:423)
	at org.codehaus.groovy.reflection.CachedConstructor.invoke(CachedConstructor.java:83)
	at org.codehaus.groovy.reflection.CachedConstructor.doConstructorInvoke(CachedConstructor.java:77)
	at org.codehaus.groovy.runtime.callsite.ConstructorSite$ConstructorSiteNoUnwrap.callConstructor(ConstructorSite.java:84)
	at org.codehaus.groovy.runtime.callsite.CallSiteArray.defaultCallConstructor(CallSiteArray.java:60)
	at org.codehaus.groovy.runtime.callsite.AbstractCallSite.callConstructor(AbstractCallSite.java:235)
	at org.codehaus.groovy.runtime.callsite.AbstractCallSite.callConstructor(AbstractCallSite.java:247)
	at io.restassured.internal.ResponseSpecificationImpl$HamcrestAssertionClosure.validate(ResponseSpecificationImpl.groovy:482)
	at io.restassured.internal.ResponseSpecificationImpl$HamcrestAssertionClosure$validate$4.call(Unknown Source)
	at io.restassured.internal.ResponseSpecificationImpl.validateResponseIfRequired(ResponseSpecificationImpl.groovy:654)
	at sun.reflect.NativeMethodAccessorImpl.invoke0(Native Method)
	at sun.reflect.NativeMethodAccessorImpl.invoke(NativeMethodAccessorImpl.java:62)
	at sun.reflect.DelegatingMethodAccessorImpl.invoke(DelegatingMethodAccessorImpl.java:43)
	at java.lang.reflect.Method.invoke(Method.java:498)
	at org.codehaus.groovy.runtime.callsite.PogoMetaMethodSite$PogoCachedMethodSiteNoUnwrapNoCoerce.invoke(PogoMetaMethodSite.java:210)
	at org.codehaus.groovy.runtime.callsite.PogoMetaMethodSite.callCurrent(PogoMetaMethodSite.java:59)
	at org.codehaus.groovy.runtime.callsite.AbstractCallSite.callCurrent(AbstractCallSite.java:166)
	at org.codehaus.groovy.runtime.callsite.AbstractCallSite.callCurrent(AbstractCallSite.java:164)
	at io.restassured.internal.ResponseSpecificationImpl.statusCode(ResponseSpecificationImpl.groovy:124)
	at io.restassured.specification.ResponseSpecification$statusCode$5.callCurrent(Unknown Source)
	at org.codehaus.groovy.runtime.callsite.CallSiteArray.defaultCallCurrent(CallSiteArray.java:52)
	at org.codehaus.groovy.runtime.callsite.AbstractCallSite.callCurrent(AbstractCallSite.java:154)
	at org.codehaus.groovy.runtime.callsite.AbstractCallSite.callCurrent(AbstractCallSite.java:166)
	at io.restassured.internal.ResponseSpecificationImpl.statusCode(ResponseSpecificationImpl.groovy:132)
	at io.restassured.internal.ValidatableResponseOptionsImpl.statusCode(ValidatableResponseOptionsImpl.java:119)
	at udemy.practice.DataDrivenLibraryAPITest.addBooks(DataDrivenLibraryAPITest.java:43)
	at sun.reflect.NativeMethodAccessorImpl.invoke0(Native Method)
	at sun.reflect.NativeMethodAccessorImpl.invoke(NativeMethodAccessorImpl.java:62)
	at sun.reflect.DelegatingMethodAccessorImpl.invoke(DelegatingMethodAccessorImpl.java:43)
	at java.lang.reflect.Method.invoke(Method.java:498)
	at org.testng.internal.MethodInvocationHelper.invokeMethod(MethodInvocationHelper.java:108)
	at org.testng.internal.Invoker.invokeMethod(Invoker.java:661)
	at org.testng.internal.Invoker.invokeTestMethod(Invoker.java:869)
	at org.testng.internal.Invoker.invokeTestMethods(Invoker.java:1193)
	at org.testng.internal.TestMethodWorker.invokeTestMethods(TestMethodWorker.java:126)
	at org.testng.internal.TestMethodWorker.run(TestMethodWorker.java:109)
	at java.util.concurrent.ThreadPoolExecutor.runWorker(ThreadPoolExecutor.java:1149)
	at java.util.concurrent.ThreadPoolExecutor$Worker.run(ThreadPoolExecutor.java:624)
	at java.lang.Thread.run(Thread.java:748)
]]>
            </full-stacktrace>
          </exception> <!-- java.lang.AssertionError -->
          <reporter-output>
          </reporter-output>
        </test-method> <!-- addBooks -->
        <test-method status="PASS" signature="deleteBooks(java.lang.String, java.lang.String)[pri:0, instance:udemy.practice.DataDrivenLibraryAPITest@1283bb96]" name="deleteBooks" duration-ms="2448" started-at="2019-06-21T11:11:20Z" data-provider="BooksData" finished-at="2019-06-21T11:11:22Z">
          <params>
            <param index="0">
              <value>
                <![CDATA[hanumRama]]>
              </value>
            </param>
            <param index="1">
              <value>
                <![CDATA[872]]>
              </value>
            </param>
          </params>
          <reporter-output>
          </reporter-output>
        </test-method> <!-- deleteBooks -->
        <test-method status="PASS" signature="testLog4J()[pri:0, instance:udemy.practice.DataDrivenLibraryAPITest@1283bb96]" name="testLog4J" duration-ms="63" started-at="2019-06-21T11:11:22Z" finished-at="2019-06-21T11:11:22Z">
          <reporter-output>
          </reporter-output>
        </test-method> <!-- testLog4J -->
        <test-method status="FAIL" signature="addBooks(java.lang.String, java.lang.String)[pri:0, instance:udemy.practice.DataDrivenLibraryAPITest@1283bb96]" name="addBooks" duration-ms="576" started-at="2019-06-21T11:11:22Z" data-provider="BooksData" finished-at="2019-06-21T11:11:22Z">
          <params>
            <param index="0">
              <value>
                <![CDATA[LaxmanBharat]]>
              </value>
            </param>
            <param index="1">
              <value>
                <![CDATA[324]]>
              </value>
            </param>
          </params>
          <exception class="java.lang.AssertionError">
            <message>
              <![CDATA[1 expectation failed.
Expected status code <200> but was <404>.
]]>
            </message>
            <full-stacktrace>
              <![CDATA[java.lang.AssertionError: 1 expectation failed.
Expected status code <200> but was <404>.

	at sun.reflect.NativeConstructorAccessorImpl.newInstance0(Native Method)
	at sun.reflect.NativeConstructorAccessorImpl.newInstance(NativeConstructorAccessorImpl.java:62)
	at sun.reflect.DelegatingConstructorAccessorImpl.newInstance(DelegatingConstructorAccessorImpl.java:45)
	at java.lang.reflect.Constructor.newInstance(Constructor.java:423)
	at org.codehaus.groovy.reflection.CachedConstructor.invoke(CachedConstructor.java:83)
	at org.codehaus.groovy.reflection.CachedConstructor.doConstructorInvoke(CachedConstructor.java:77)
	at org.codehaus.groovy.runtime.callsite.ConstructorSite$ConstructorSiteNoUnwrap.callConstructor(ConstructorSite.java:84)
	at org.codehaus.groovy.runtime.callsite.AbstractCallSite.callConstructor(AbstractCallSite.java:247)
	at io.restassured.internal.ResponseSpecificationImpl$HamcrestAssertionClosure.validate(ResponseSpecificationImpl.groovy:482)
	at io.restassured.internal.ResponseSpecificationImpl$HamcrestAssertionClosure$validate$4.call(Unknown Source)
	at io.restassured.internal.ResponseSpecificationImpl.validateResponseIfRequired(ResponseSpecificationImpl.groovy:654)
	at sun.reflect.NativeMethodAccessorImpl.invoke0(Native Method)
	at sun.reflect.NativeMethodAccessorImpl.invoke(NativeMethodAccessorImpl.java:62)
	at sun.reflect.DelegatingMethodAccessorImpl.invoke(DelegatingMethodAccessorImpl.java:43)
	at java.lang.reflect.Method.invoke(Method.java:498)
	at org.codehaus.groovy.runtime.callsite.PogoMetaMethodSite$PogoCachedMethodSiteNoUnwrapNoCoerce.invoke(PogoMetaMethodSite.java:210)
	at org.codehaus.groovy.runtime.callsite.PogoMetaMethodSite.callCurrent(PogoMetaMethodSite.java:59)
	at org.codehaus.groovy.runtime.callsite.AbstractCallSite.callCurrent(AbstractCallSite.java:166)
	at io.restassured.internal.ResponseSpecificationImpl.statusCode(ResponseSpecificationImpl.groovy:124)
	at io.restassured.specification.ResponseSpecification$statusCode$4.callCurrent(Unknown Source)
	at io.restassured.internal.ResponseSpecificationImpl.statusCode(ResponseSpecificationImpl.groovy:132)
	at io.restassured.internal.ValidatableResponseOptionsImpl.statusCode(ValidatableResponseOptionsImpl.java:119)
	at udemy.practice.DataDrivenLibraryAPITest.addBooks(DataDrivenLibraryAPITest.java:43)
	at sun.reflect.NativeMethodAccessorImpl.invoke0(Native Method)
	at sun.reflect.NativeMethodAccessorImpl.invoke(NativeMethodAccessorImpl.java:62)
	at sun.reflect.DelegatingMethodAccessorImpl.invoke(DelegatingMethodAccessorImpl.java:43)
	at java.lang.reflect.Method.invoke(Method.java:498)
	at org.testng.internal.MethodInvocationHelper.invokeMethod(MethodInvocationHelper.java:108)
	at org.testng.internal.Invoker.invokeMethod(Invoker.java:661)
	at org.testng.internal.Invoker.invokeTestMethod(Invoker.java:869)
	at org.testng.internal.Invoker.invokeTestMethods(Invoker.java:1193)
	at org.testng.internal.TestMethodWorker.invokeTestMethods(TestMethodWorker.java:126)
	at org.testng.internal.TestMethodWorker.run(TestMethodWorker.java:109)
	at java.util.concurrent.ThreadPoolExecutor.runWorker(ThreadPoolExecutor.java:1149)
	at java.util.concurrent.ThreadPoolExecutor$Worker.run(ThreadPoolExecutor.java:624)
	at java.lang.Thread.run(Thread.java:748)
]]>
            </full-stacktrace>
          </exception> <!-- java.lang.AssertionError -->
          <reporter-output>
          </reporter-output>
        </test-method> <!-- addBooks -->
        <test-method status="PASS" signature="deleteBooks(java.lang.String, java.lang.String)[pri:0, instance:udemy.practice.DataDrivenLibraryAPITest@1283bb96]" name="deleteBooks" duration-ms="234" started-at="2019-06-21T11:11:22Z" data-provider="BooksData" finished-at="2019-06-21T11:11:22Z">
          <params>
            <param index="0">
              <value>
                <![CDATA[LaxmanBharat]]>
              </value>
            </param>
            <param index="1">
              <value>
                <![CDATA[324]]>
              </value>
            </param>
          </params>
          <reporter-output>
          </reporter-output>
        </test-method> <!-- deleteBooks -->
        <test-method status="FAIL" signature="addBooks(java.lang.String, java.lang.String)[pri:0, instance:udemy.practice.DataDrivenLibraryAPITest@1283bb96]" name="addBooks" duration-ms="196" started-at="2019-06-21T11:11:22Z" data-provider="BooksData" finished-at="2019-06-21T11:11:22Z">
          <params>
            <param index="0">
              <value>
                <![CDATA[RadheKrishna]]>
              </value>
            </param>
            <param index="1">
              <value>
                <![CDATA[545]]>
              </value>
            </param>
          </params>
          <exception class="java.lang.AssertionError">
            <message>
              <![CDATA[1 expectation failed.
Expected status code <200> but was <404>.
]]>
            </message>
            <full-stacktrace>
              <![CDATA[java.lang.AssertionError: 1 expectation failed.
Expected status code <200> but was <404>.

	at sun.reflect.NativeConstructorAccessorImpl.newInstance0(Native Method)
	at sun.reflect.NativeConstructorAccessorImpl.newInstance(NativeConstructorAccessorImpl.java:62)
	at sun.reflect.DelegatingConstructorAccessorImpl.newInstance(DelegatingConstructorAccessorImpl.java:45)
	at java.lang.reflect.Constructor.newInstance(Constructor.java:423)
	at org.codehaus.groovy.reflection.CachedConstructor.invoke(CachedConstructor.java:83)
	at org.codehaus.groovy.reflection.CachedConstructor.doConstructorInvoke(CachedConstructor.java:77)
	at org.codehaus.groovy.runtime.callsite.ConstructorSite$ConstructorSiteNoUnwrap.callConstructor(ConstructorSite.java:84)
	at org.codehaus.groovy.runtime.callsite.AbstractCallSite.callConstructor(AbstractCallSite.java:247)
	at io.restassured.internal.ResponseSpecificationImpl$HamcrestAssertionClosure.validate(ResponseSpecificationImpl.groovy:482)
	at io.restassured.internal.ResponseSpecificationImpl$HamcrestAssertionClosure$validate$4.call(Unknown Source)
	at io.restassured.internal.ResponseSpecificationImpl.validateResponseIfRequired(ResponseSpecificationImpl.groovy:654)
	at sun.reflect.NativeMethodAccessorImpl.invoke0(Native Method)
	at sun.reflect.NativeMethodAccessorImpl.invoke(NativeMethodAccessorImpl.java:62)
	at sun.reflect.DelegatingMethodAccessorImpl.invoke(DelegatingMethodAccessorImpl.java:43)
	at java.lang.reflect.Method.invoke(Method.java:498)
	at org.codehaus.groovy.runtime.callsite.PogoMetaMethodSite$PogoCachedMethodSiteNoUnwrapNoCoerce.invoke(PogoMetaMethodSite.java:210)
	at org.codehaus.groovy.runtime.callsite.PogoMetaMethodSite.callCurrent(PogoMetaMethodSite.java:59)
	at org.codehaus.groovy.runtime.callsite.AbstractCallSite.callCurrent(AbstractCallSite.java:166)
	at io.restassured.internal.ResponseSpecificationImpl.statusCode(ResponseSpecificationImpl.groovy:124)
	at io.restassured.specification.ResponseSpecification$statusCode$4.callCurrent(Unknown Source)
	at io.restassured.internal.ResponseSpecificationImpl.statusCode(ResponseSpecificationImpl.groovy:132)
	at io.restassured.internal.ValidatableResponseOptionsImpl.statusCode(ValidatableResponseOptionsImpl.java:119)
	at udemy.practice.DataDrivenLibraryAPITest.addBooks(DataDrivenLibraryAPITest.java:43)
	at sun.reflect.NativeMethodAccessorImpl.invoke0(Native Method)
	at sun.reflect.NativeMethodAccessorImpl.invoke(NativeMethodAccessorImpl.java:62)
	at sun.reflect.DelegatingMethodAccessorImpl.invoke(DelegatingMethodAccessorImpl.java:43)
	at java.lang.reflect.Method.invoke(Method.java:498)
	at org.testng.internal.MethodInvocationHelper.invokeMethod(MethodInvocationHelper.java:108)
	at org.testng.internal.Invoker.invokeMethod(Invoker.java:661)
	at org.testng.internal.Invoker.invokeTestMethod(Invoker.java:869)
	at org.testng.internal.Invoker.invokeTestMethods(Invoker.java:1193)
	at org.testng.internal.TestMethodWorker.invokeTestMethods(TestMethodWorker.java:126)
	at org.testng.internal.TestMethodWorker.run(TestMethodWorker.java:109)
	at java.util.concurrent.ThreadPoolExecutor.runWorker(ThreadPoolExecutor.java:1149)
	at java.util.concurrent.ThreadPoolExecutor$Worker.run(ThreadPoolExecutor.java:624)
	at java.lang.Thread.run(Thread.java:748)
]]>
            </full-stacktrace>
          </exception> <!-- java.lang.AssertionError -->
          <reporter-output>
          </reporter-output>
        </test-method> <!-- addBooks -->
        <test-method status="PASS" signature="deleteBooks(java.lang.String, java.lang.String)[pri:0, instance:udemy.practice.DataDrivenLibraryAPITest@1283bb96]" name="deleteBooks" duration-ms="218" started-at="2019-06-21T11:11:22Z" data-provider="BooksData" finished-at="2019-06-21T11:11:22Z">
          <params>
            <param index="0">
              <value>
                <![CDATA[RadheKrishna]]>
              </value>
            </param>
            <param index="1">
              <value>
                <![CDATA[545]]>
              </value>
            </param>
          </params>
          <reporter-output>
          </reporter-output>
        </test-method> <!-- deleteBooks -->
      </class> <!-- udemy.practice.DataDrivenLibraryAPITest -->
      <class name="udemy.practice.Base2GoogleMapsPostTest">
        <test-method status="PASS" signature="getData()[pri:0, instance:udemy.practice.Base2GoogleMapsPostTest@130d63be]" name="getData" is-config="true" duration-ms="8" started-at="2019-06-21T11:11:20Z" finished-at="2019-06-21T11:11:20Z">
          <reporter-output>
          </reporter-output>
        </test-method> <!-- getData -->
        <test-method status="PASS" signature="testBefore()[pri:0, instance:udemy.practice.TestNGPracticeTest@42a48628]" name="testBefore" is-config="true" duration-ms="0" started-at="2019-06-21T11:11:20Z" finished-at="2019-06-21T11:11:20Z">
          <reporter-output>
          </reporter-output>
        </test-method> <!-- testBefore -->
        <test-method status="PASS" signature="postTest()[pri:0, instance:udemy.practice.Base2GoogleMapsPostTest@130d63be]" name="postTest" duration-ms="2679" started-at="2019-06-21T11:11:20Z" finished-at="2019-06-21T11:11:22Z">
          <reporter-output>
          </reporter-output>
        </test-method> <!-- postTest -->
      </class> <!-- udemy.practice.Base2GoogleMapsPostTest -->
      <class name="udemy.practice.ConvertJsonToStringTest">
        <test-method status="PASS" signature="addBooks()[pri:0, instance:udemy.practice.ConvertJsonToStringTest@6aeb35e6]" name="addBooks" duration-ms="1951" started-at="2019-06-21T11:11:20Z" finished-at="2019-06-21T11:11:22Z">
          <reporter-output>
          </reporter-output>
        </test-method> <!-- addBooks -->
      </class> <!-- udemy.practice.ConvertJsonToStringTest -->
      <class name="udemy.practice.Base1GoogleMapsGetTest">
        <test-method status="FAIL" signature="GoogleMapsGetTest()[pri:0, instance:udemy.practice.Base1GoogleMapsGetTest@293a5bf6]" name="GoogleMapsGetTest" duration-ms="1961" started-at="2019-06-21T11:11:20Z" finished-at="2019-06-21T11:11:22Z">
          <exception class="java.lang.AssertionError">
            <message>
              <![CDATA[1 expectation failed.
Expected status code <200> but was <404>.
]]>
            </message>
            <full-stacktrace>
              <![CDATA[java.lang.AssertionError: 1 expectation failed.
Expected status code <200> but was <404>.

	at sun.reflect.NativeConstructorAccessorImpl.newInstance0(Native Method)
	at sun.reflect.NativeConstructorAccessorImpl.newInstance(NativeConstructorAccessorImpl.java:62)
	at sun.reflect.DelegatingConstructorAccessorImpl.newInstance(DelegatingConstructorAccessorImpl.java:45)
	at java.lang.reflect.Constructor.newInstance(Constructor.java:423)
	at org.codehaus.groovy.reflection.CachedConstructor.invoke(CachedConstructor.java:83)
	at org.codehaus.groovy.reflection.CachedConstructor.doConstructorInvoke(CachedConstructor.java:77)
	at org.codehaus.groovy.runtime.callsite.ConstructorSite$ConstructorSiteNoUnwrap.callConstructor(ConstructorSite.java:84)
	at org.codehaus.groovy.runtime.callsite.CallSiteArray.defaultCallConstructor(CallSiteArray.java:60)
	at org.codehaus.groovy.runtime.callsite.AbstractCallSite.callConstructor(AbstractCallSite.java:235)
	at org.codehaus.groovy.runtime.callsite.AbstractCallSite.callConstructor(AbstractCallSite.java:247)
	at io.restassured.internal.ResponseSpecificationImpl$HamcrestAssertionClosure.validate(ResponseSpecificationImpl.groovy:482)
	at io.restassured.internal.ResponseSpecificationImpl$HamcrestAssertionClosure$validate$4.call(Unknown Source)
	at io.restassured.internal.ResponseSpecificationImpl.validateResponseIfRequired(ResponseSpecificationImpl.groovy:654)
	at sun.reflect.NativeMethodAccessorImpl.invoke0(Native Method)
	at sun.reflect.NativeMethodAccessorImpl.invoke(NativeMethodAccessorImpl.java:62)
	at sun.reflect.DelegatingMethodAccessorImpl.invoke(DelegatingMethodAccessorImpl.java:43)
	at java.lang.reflect.Method.invoke(Method.java:498)
	at org.codehaus.groovy.runtime.callsite.PogoMetaMethodSite$PogoCachedMethodSiteNoUnwrapNoCoerce.invoke(PogoMetaMethodSite.java:210)
	at org.codehaus.groovy.runtime.callsite.PogoMetaMethodSite.callCurrent(PogoMetaMethodSite.java:59)
	at org.codehaus.groovy.runtime.callsite.AbstractCallSite.callCurrent(AbstractCallSite.java:166)
	at org.codehaus.groovy.runtime.callsite.AbstractCallSite.callCurrent(AbstractCallSite.java:164)
	at io.restassured.internal.ResponseSpecificationImpl.statusCode(ResponseSpecificationImpl.groovy:124)
	at io.restassured.specification.ResponseSpecification$statusCode$4.callCurrent(Unknown Source)
	at org.codehaus.groovy.runtime.callsite.CallSiteArray.defaultCallCurrent(CallSiteArray.java:52)
	at org.codehaus.groovy.runtime.callsite.AbstractCallSite.callCurrent(AbstractCallSite.java:154)
	at org.codehaus.groovy.runtime.callsite.AbstractCallSite.callCurrent(AbstractCallSite.java:166)
	at io.restassured.internal.ResponseSpecificationImpl.statusCode(ResponseSpecificationImpl.groovy:132)
	at io.restassured.internal.ValidatableResponseOptionsImpl.statusCode(ValidatableResponseOptionsImpl.java:119)
	at udemy.practice.Base1GoogleMapsGetTest.GoogleMapsGetTest(Base1GoogleMapsGetTest.java:39)
	at sun.reflect.NativeMethodAccessorImpl.invoke0(Native Method)
	at sun.reflect.NativeMethodAccessorImpl.invoke(NativeMethodAccessorImpl.java:62)
	at sun.reflect.DelegatingMethodAccessorImpl.invoke(DelegatingMethodAccessorImpl.java:43)
	at java.lang.reflect.Method.invoke(Method.java:498)
	at org.testng.internal.MethodInvocationHelper.invokeMethod(MethodInvocationHelper.java:108)
	at org.testng.internal.Invoker.invokeMethod(Invoker.java:661)
	at org.testng.internal.Invoker.invokeTestMethod(Invoker.java:869)
	at org.testng.internal.Invoker.invokeTestMethods(Invoker.java:1193)
	at org.testng.internal.TestMethodWorker.invokeTestMethods(TestMethodWorker.java:126)
	at org.testng.internal.TestMethodWorker.run(TestMethodWorker.java:109)
	at java.util.concurrent.ThreadPoolExecutor.runWorker(ThreadPoolExecutor.java:1149)
	at java.util.concurrent.ThreadPoolExecutor$Worker.run(ThreadPoolExecutor.java:624)
	at java.lang.Thread.run(Thread.java:748)
]]>
            </full-stacktrace>
          </exception> <!-- java.lang.AssertionError -->
          <reporter-output>
          </reporter-output>
        </test-method> <!-- GoogleMapsGetTest -->
      </class> <!-- udemy.practice.Base1GoogleMapsGetTest -->
    </test> <!-- Test -->
  </suite> <!-- Suite -->
</testng-results>
